[11:20:16] [Client thread/INFO]: Setting user: Player112
[11:20:19] [Client thread/INFO]: LWJGL Version: 2.9.1
[11:20:21] [Client thread/INFO]: Reloading ResourceManager: Default, FMLFileResourcePack:Forge Mod Loader, FMLFileResourcePack:Minecraft Forge, FMLFileResourcePack:ConquestCraft Mod
[11:20:21] [Sound Library Loader/INFO]: Starting up SoundSystem...
[11:20:21] [Thread-7/INFO]: Initializing LWJGL OpenAL
[11:20:21] [Thread-7/INFO]: (The LWJGL binding of OpenAL.  For more information, see http://www.lwjgl.org)
[11:20:21] [Thread-7/INFO]: OpenAL initialized.
[11:20:22] [Sound Library Loader/INFO]: Sound engine started
[11:20:24] [Client thread/INFO]: Created: 512x512 textures-atlas
[11:20:24] [Client thread/INFO]: Reloading ResourceManager: Default, FMLFileResourcePack:Forge Mod Loader, FMLFileResourcePack:Minecraft Forge, FMLFileResourcePack:ConquestCraft Mod
[11:20:24] [Client thread/INFO]: SoundSystem shutting down...
[11:20:25] [Client thread/WARN]: Author: Paul Lamb, www.paulscode.com
[11:20:25] [Sound Library Loader/INFO]: Starting up SoundSystem...
[11:20:25] [Thread-9/INFO]: Initializing LWJGL OpenAL
[11:20:25] [Thread-9/INFO]: (The LWJGL binding of OpenAL.  For more information, see http://www.lwjgl.org)
[11:20:25] [Thread-9/INFO]: OpenAL initialized.
[11:20:25] [Sound Library Loader/INFO]: Sound engine started
[11:20:27] [Client thread/INFO]: Created: 512x512 textures-atlas
[11:20:53] [Client thread/INFO]: Stopping!
[11:20:53] [Client thread/INFO]: SoundSystem shutting down...
[11:20:53] [Client thread/WARN]: Author: Paul Lamb, www.paulscode.com
